<?xml version="1.0" encoding="UTF-8"?>
<!-- Generated by org.testng.reporters.JUnitReportReporter -->
<testsuite hostname="GGVK" failures="0" tests="2" name="completeAID.testcases" time="12.935" errors="0" timestamp="2021-08-31T17:14:53 IST" skipped="0">
  <testcase classname="completeAID.testcases" name="TC2" time="4.123"/>
  <system-out/>
  <testcase classname="completeAID.testcases" name="TC1" time="8.812"/>
  <system-out/>
</testsuite> <!-- completeAID.testcases -->
