<?xml version="1.0" encoding="UTF-8"?>
<!-- Generated by org.testng.reporters.JUnitReportReporter -->
<testsuite hostname="GGVK" failures="0" tests="5" name="completeAID.testcases" time="23.848" errors="0" timestamp="2021-08-31T18:06:14 IST" skipped="0">
  <testcase classname="completeAID.testcases" name="TC3" time="4.387"/>
  <system-out/>
  <testcase classname="completeAID.testcases" name="TC2" time="4.292"/>
  <system-out/>
  <testcase classname="completeAID.testcases" name="TC1" time="6.156"/>
  <system-out/>
  <testcase classname="completeAID.testcases" name="TC4" time="3.780"/>
  <system-out/>
  <testcase classname="completeAID.testcases" name="TC5" time="5.233"/>
  <system-out/>
</testsuite> <!-- completeAID.testcases -->
