<?xml version="1.0" encoding="UTF-8"?>
<!-- Generated by org.testng.reporters.JUnitReportReporter -->
<testsuite hostname="GGVK" failures="0" tests="1" name="completeAID.redbus" time="7.917" errors="0" timestamp="2021-08-31T18:15:47 IST" skipped="0">
  <testcase classname="completeAID.redbus" name="f" time="7.917"/>
  <system-out/>
</testsuite> <!-- completeAID.redbus -->
